<<<<<<< HEAD
<?xml version="1.0" encoding="UTF-8"?>
<!-- Generated by org.testng.reporters.JUnitReportReporter -->
<testsuite hostname="bhavinthumar" failures="0" tests="1" name="dragAndDropSliders.DragAndDropSlidersClass" time="15.634" errors="0" timestamp="2022-07-13T15:33:36 IST" skipped="0">
  <testcase classname="dragAndDropSliders.DragAndDropSlidersClass" name="TestScenario2" time="15.634"/>
  <system-out/>
</testsuite> <!-- dragAndDropSliders.DragAndDropSlidersClass -->
=======
<?xml version="1.0" encoding="UTF-8"?>
<!-- Generated by org.testng.reporters.JUnitReportReporter -->
<testsuite hostname="bhavinthumar" failures="0" tests="1" name="dragAndDropSliders.DragAndDropSlidersClass" time="15.634" errors="0" timestamp="2022-07-13T15:33:36 IST" skipped="0">
  <testcase classname="dragAndDropSliders.DragAndDropSlidersClass" name="TestScenario2" time="15.634"/>
  <system-out/>
</testsuite> <!-- dragAndDropSliders.DragAndDropSlidersClass -->
>>>>>>> bfbe4ab (a)
