<<<<<<< HEAD
<?xml version="1.0" encoding="UTF-8"?>
<!-- Generated by org.testng.reporters.JUnitReportReporter -->
<testsuite hostname="bhavinthumar" failures="0" tests="1" name="simpleFormDemo.SimpleFormDemoclass" time="15.623" errors="0" timestamp="2022-07-13T15:32:43 IST" skipped="0">
  <testcase classname="simpleFormDemo.SimpleFormDemoclass" name="TestScenario1" time="15.623"/>
  <system-out/>
</testsuite> <!-- simpleFormDemo.SimpleFormDemoclass -->
=======
<?xml version="1.0" encoding="UTF-8"?>
<!-- Generated by org.testng.reporters.JUnitReportReporter -->
<testsuite hostname="bhavinthumar" failures="0" tests="1" name="simpleFormDemo.SimpleFormDemoclass" time="15.623" errors="0" timestamp="2022-07-13T15:32:43 IST" skipped="0">
  <testcase classname="simpleFormDemo.SimpleFormDemoclass" name="TestScenario1" time="15.623"/>
  <system-out/>
</testsuite> <!-- simpleFormDemo.SimpleFormDemoclass -->
>>>>>>> bfbe4ab (a)
