<<<<<<< HEAD
<?xml version="1.0" encoding="UTF-8"?>
<!-- Generated by org.testng.reporters.JUnitReportReporter -->
<testsuite hostname="bhavinthumar" failures="0" tests="1" name="inputFormSubmit.InputFormSubmitClass" time="24.371" errors="0" timestamp="2022-07-13T15:34:11 IST" skipped="0">
  <testcase classname="inputFormSubmit.InputFormSubmitClass" name="TestScenario3" time="24.371"/>
  <system-out/>
</testsuite> <!-- inputFormSubmit.InputFormSubmitClass -->
=======
<?xml version="1.0" encoding="UTF-8"?>
<!-- Generated by org.testng.reporters.JUnitReportReporter -->
<testsuite hostname="bhavinthumar" failures="0" tests="1" name="inputFormSubmit.InputFormSubmitClass" time="24.371" errors="0" timestamp="2022-07-13T15:34:11 IST" skipped="0">
  <testcase classname="inputFormSubmit.InputFormSubmitClass" name="TestScenario3" time="24.371"/>
  <system-out/>
</testsuite> <!-- inputFormSubmit.InputFormSubmitClass -->
>>>>>>> bfbe4ab (a)
